<?xml version="1.0" encoding="UTF-8" ?>
<testsuite tests="9" failures="0" name="SquadTest" time="0.01" errors="0" skipped="0">
  <properties>
[...]
</properties>
  <testcase classname="SquadTest" name="newSquadHasAllAttributes" time="0.006"/>
  <testcase classname="SquadTest" name="addHeroesToSquadWithAddHero" time="0"/>
  <testcase classname="SquadTest" name="clearSquads_true" time="0"/>
  <testcase classname="SquadTest" name="ClearHeroes_true" time="0"/>
  <testcase classname="SquadTest" name="findSquadByName" time="0.003"/>
  <testcase classname="SquadTest" name="addHeroIncrementsSize" time="0"/>
  <testcase classname="SquadTest" name="returnAllSquads" time="0"/>
  <testcase classname="SquadTest" name="findSquadById" time="0.001"/>
  <testcase classname="SquadTest" name="newSquadIsCreated_true" time="0"/>
</testsuite>