<?xml version="1.0" encoding="UTF-8"?>
<testsuite name="HeroTest" tests="3" skipped="0" failures="0" errors="0" timestamp="2020-11-29T16:59:27" hostname="emile-HP-ProBook-640-G1" time="0.003">
  <properties/>
  <testcase name="returnAllHeroesWithGetHeroes_true" classname="HeroTest" time="0.001"/>
  <testcase name="newHeroHasAllAttributes" classname="HeroTest" time="0.001"/>
  <testcase name="newHeroIsCreated_true" classname="HeroTest" time="0.0"/>
  <system-out><![CDATA[]]></system-out>
  <system-err><![CDATA[]]></system-err>
</testsuite>
